  GraphicsApi.cpp
c:\users\cristobal\source\repos\graphicsapi\graphicsapi\half_edge.h(6): error C2143: error de sintaxis: falta ';' delante de '*'
c:\users\cristobal\source\repos\graphicsapi\graphicsapi\half_edge.h(6): error C4430: falta el especificador de tipo; se presupone int. Nota: C++ no admite default-int
c:\users\cristobal\source\repos\graphicsapi\graphicsapi\half_edge.h(6): error C2238: símbolos (token) inesperados delante de ';'
c:\users\cristobal\source\repos\graphicsapi\graphicsapi\half_edge.h(11): error C2061: error de sintaxis: identificador 'Vertex'
c:\users\cristobal\source\repos\graphicsapi\graphicsapi\half_edge.h(11): error C2535: 'Half_Edge::Half_Edge(void)': función miembro ya definida o declarada
  c:\users\cristobal\source\repos\graphicsapi\graphicsapi\half_edge.h(10): note: vea la declaración de 'Half_Edge::Half_Edge'
  Half_Edge.cpp
c:\users\cristobal\source\repos\graphicsapi\graphicsapi\vertex.h(9): error C2143: error de sintaxis: falta ';' delante de '*'
c:\users\cristobal\source\repos\graphicsapi\graphicsapi\vertex.h(9): error C4430: falta el especificador de tipo; se presupone int. Nota: C++ no admite default-int
c:\users\cristobal\source\repos\graphicsapi\graphicsapi\vertex.h(9): error C2238: símbolos (token) inesperados delante de ';'
c:\users\cristobal\source\repos\graphicsapi\graphicsapi\vertex.h(12): error C2061: error de sintaxis: identificador 'Half_Edge'
  Vertex.cpp
c:\users\cristobal\source\repos\graphicsapi\graphicsapi\half_edge.h(6): error C2143: error de sintaxis: falta ';' delante de '*'
c:\users\cristobal\source\repos\graphicsapi\graphicsapi\half_edge.h(6): error C4430: falta el especificador de tipo; se presupone int. Nota: C++ no admite default-int
c:\users\cristobal\source\repos\graphicsapi\graphicsapi\half_edge.h(6): error C2238: símbolos (token) inesperados delante de ';'
c:\users\cristobal\source\repos\graphicsapi\graphicsapi\half_edge.h(11): error C2061: error de sintaxis: identificador 'Vertex'
c:\users\cristobal\source\repos\graphicsapi\graphicsapi\half_edge.h(11): error C2535: 'Half_Edge::Half_Edge(void)': función miembro ya definida o declarada
  c:\users\cristobal\source\repos\graphicsapi\graphicsapi\half_edge.h(10): note: vea la declaración de 'Half_Edge::Half_Edge'
  Generando código...
